Arguments: 
  /home/ivanasen/.nvm/versions/node/v9.4.0/bin/node /usr/share/yarn/bin/yarn.js update

PATH: 
  /home/ivanasen/.config/composer/vendor/bin:/home/ivanasen/anaconda3/bin:/home/ivanasen/.nvm/versions/node/v9.4.0/bin:/home/ivanasen/.config/composer/vendor/bin:/home/ivanasen/anaconda3/bin:/usr/local/sbin:/usr/local/bin:/usr/sbin:/usr/bin:/sbin:/bin:/usr/games:/usr/local/games:/snap/bin:/opt/web3j/bin

Yarn version: 
  1.5.1

Node version: 
  9.4.0

Platform: 
  linux x64

npm manifest: 
  {
    "name": "smart-tickets",
    "version": "1.0.0",
    "main": "index.js",
    "author": "Ivan-Asen Chakarov <vankata9907@gmail.com>",
    "license": "MIT",
    "dependencies": {
      "zeppelin-solidity": "^1.7.0"
    }
  }

yarn manifest: 
  No manifest

Lockfile: 
  # THIS IS AN AUTOGENERATED FILE. DO NOT EDIT THIS FILE DIRECTLY.
  # yarn lockfile v1
  
  
  bn.js@4.11.6:
    version "4.11.6"
    resolved "https://registry.yarnpkg.com/bn.js/-/bn.js-4.11.6.tgz#53344adb14617a13f6e8dd2ce28905d1c0ba3215"
  
  dotenv@^4.0.0:
    version "4.0.0"
    resolved "https://registry.yarnpkg.com/dotenv/-/dotenv-4.0.0.tgz#864ef1379aced55ce6f95debecdce179f7a0cd1d"
  
  ethjs-abi@^0.2.1:
    version "0.2.1"
    resolved "https://registry.yarnpkg.com/ethjs-abi/-/ethjs-abi-0.2.1.tgz#e0a7a93a7e81163a94477bad56ede524ab6de533"
    dependencies:
      bn.js "4.11.6"
      js-sha3 "0.5.5"
      number-to-bn "1.7.0"
  
  is-hex-prefixed@1.0.0:
    version "1.0.0"
    resolved "https://registry.yarnpkg.com/is-hex-prefixed/-/is-hex-prefixed-1.0.0.tgz#7d8d37e6ad77e5d127148913c573e082d777f554"
  
  js-sha3@0.5.5:
    version "0.5.5"
    resolved "https://registry.yarnpkg.com/js-sha3/-/js-sha3-0.5.5.tgz#baf0c0e8c54ad5903447df96ade7a4a1bca79a4a"
  
  number-to-bn@1.7.0:
    version "1.7.0"
    resolved "https://registry.yarnpkg.com/number-to-bn/-/number-to-bn-1.7.0.tgz#bb3623592f7e5f9e0030b1977bd41a0c53fe1ea0"
    dependencies:
      bn.js "4.11.6"
      strip-hex-prefix "1.0.0"
  
  strip-hex-prefix@1.0.0:
    version "1.0.0"
    resolved "https://registry.yarnpkg.com/strip-hex-prefix/-/strip-hex-prefix-1.0.0.tgz#0c5f155fef1151373377de9dbb588da05500e36f"
    dependencies:
      is-hex-prefixed "1.0.0"
  
  zeppelin-solidity@^1.7.0:
    version "1.7.0"
    resolved "https://registry.yarnpkg.com/zeppelin-solidity/-/zeppelin-solidity-1.7.0.tgz#c43332926b6e84a845015c21753064eeac054df0"
    dependencies:
      dotenv "^4.0.0"
      ethjs-abi "^0.2.1"

Trace: 
  Error: Command "update" not found.
      at new MessageError (/usr/share/yarn/lib/cli.js:186:110)
      at /usr/share/yarn/lib/cli.js:87307:17
      at Generator.next (<anonymous>)
      at step (/usr/share/yarn/lib/cli.js:98:30)
      at /usr/share/yarn/lib/cli.js:116:14
      at new Promise (<anonymous>)
      at new F (/usr/share/yarn/lib/cli.js:23451:28)
      at /usr/share/yarn/lib/cli.js:95:12
      at runCommand (/usr/share/yarn/lib/cli.js:87312:22)
      at Object.<anonymous> (/usr/share/yarn/lib/cli.js:87412:14)
